<?xml version="1.0" encoding="UTF-8"?>
<!-- Generated by org.testng.reporters.JUnitReportReporter -->
<testsuite hostname="Pandya" failures="0" tests="1" name="testcases.LoggerTest" time="0.348" errors="0" timestamp="2022-11-18T12:06:28 EST" skipped="0">
  <testcase classname="testcases.LoggerTest" name="tst001_TstngLog" time="0.348"/>
  <system-out/>
</testsuite> <!-- testcases.LoggerTest -->
